# JRE version: Java(TM) SE Runtime Environment (11.0.6+8) (build 11.0.6+8-LTS)
# Java VM: Java HotSpot(TM) 64-Bit Server VM (11.0.6+8-LTS, mixed mode, tiered, compressed oops, g1 gc, windows-amd64)
Heap:
 garbage-first heap   total 331776K, used 252654K [0x0000000080000000, 0x0000000100000000)
  region size 1024K, 25 young (25600K), 2 survivors (2048K)
 Metaspace       used 126298K, capacity 131492K, committed 131792K, reserved 630784K
  class space    used 16532K, capacity 18480K, committed 18560K, reserved 516096K
GC Heap History (10 events):
Event: 172.373 GC heap before
{Heap before GC invocations=144 (full 0):
 garbage-first heap   total 331776K, used 245779K [0x0000000080000000, 0x0000000100000000)
  region size 1024K, 51 young (52224K), 2 survivors (2048K)
 Metaspace       used 121454K, capacity 126465K, committed 126544K, reserved 626688K
  class space    used 15930K, capacity 17848K, committed 17920K, reserved 516096K
}
Event: 172.382 GC heap after
{Heap after GC invocations=145 (full 0):
 garbage-first heap   total 331776K, used 201728K [0x0000000080000000, 0x0000000100000000)
  region size 1024K, 7 young (7168K), 7 survivors (7168K)
 Metaspace       used 121454K, capacity 126465K, committed 126544K, reserved 626688K
  class space    used 15930K, capacity 17848K, committed 17920K, reserved 516096K
}
Event: 172.997 GC heap before
{Heap before GC invocations=145 (full 0):
 garbage-first heap   total 331776K, used 252928K [0x0000000080000000, 0x0000000100000000)
  region size 1024K, 57 young (58368K), 7 survivors (7168K)
 Metaspace       used 121563K, capacity 126673K, committed 126800K, reserved 626688K
  class space    used 15931K, capacity 17851K, committed 17920K, reserved 516096K
}
Event: 173.011 GC heap after
{Heap after GC invocations=146 (full 0):
 garbage-first heap   total 331776K, used 214200K [0x0000000080000000, 0x0000000100000000)
  region size 1024K, 8 young (8192K), 8 survivors (8192K)
 Metaspace       used 121563K, capacity 126673K, committed 126800K, reserved 626688K
  class space    used 15931K, capacity 17851K, committed 17920K, reserved 516096K
}
Event: 174.097 GC heap before
{Heap before GC invocations=146 (full 0):
 garbage-first heap   total 331776K, used 260280K [0x0000000080000000, 0x0000000100000000)
  region size 1024K, 53 young (54272K), 8 survivors (8192K)
 Metaspace       used 125634K, capacity 130824K, committed 130896K, reserved 628736K
  class space    used 16493K, capacity 18428K, committed 18432K, reserved 516096K
}
Event: 174.109 GC heap after
{Heap after GC invocations=147 (full 0):
 garbage-first heap   total 331776K, used 220965K [0x0000000080000000, 0x0000000100000000)
  region size 1024K, 7 young (7168K), 7 survivors (7168K)
 Metaspace       used 125634K, capacity 130824K, committed 130896K, reserved 628736K
  class space    used 16493K, capacity 18428K, committed 18432K, reserved 516096K
}
Event: 175.437 GC heap before
{Heap before GC invocations=148 (full 0):
 garbage-first heap   total 331776K, used 266021K [0x0000000080000000, 0x0000000100000000)
  region size 1024K, 51 young (52224K), 7 survivors (7168K)
 Metaspace       used 126045K, capacity 131217K, committed 131536K, reserved 630784K
  class space    used 16520K, capacity 18440K, committed 18560K, reserved 516096K
}
Event: 175.459 GC heap after
{Heap after GC invocations=149 (full 0):
 garbage-first heap   total 331776K, used 229690K [0x0000000080000000, 0x0000000100000000)
  region size 1024K, 7 young (7168K), 7 survivors (7168K)
 Metaspace       used 126045K, capacity 131217K, committed 131536K, reserved 630784K
  class space    used 16520K, capacity 18440K, committed 18560K, reserved 516096K
}
Event: 175.629 GC heap before
{Heap before GC invocations=149 (full 0):
 garbage-first heap   total 331776K, used 238906K [0x0000000080000000, 0x0000000100000000)
  region size 1024K, 16 young (16384K), 7 survivors (7168K)
 Metaspace       used 126082K, capacity 131247K, committed 131536K, reserved 630784K
  class space    used 16522K, capacity 18444K, committed 18560K, reserved 516096K
}
Event: 175.640 GC heap after
{Heap after GC invocations=150 (full 0):
 garbage-first heap   total 331776K, used 230126K [0x0000000080000000, 0x0000000100000000)
  region size 1024K, 2 young (2048K), 2 survivors (2048K)
 Metaspace       used 126082K, capacity 131247K, committed 131536K, reserved 630784K
  class space    used 16522K, capacity 18444K, committed 18560K, reserved 516096K
}

