# JRE version: Java(TM) SE Runtime Environment (11.0.6+8) (build 11.0.6+8-LTS)
# Java VM: Java HotSpot(TM) 64-Bit Server VM (11.0.6+8-LTS, mixed mode, tiered, compressed oops, g1 gc, windows-amd64)
Heap:
 garbage-first heap   total 155648K, used 67210K [0x0000000082c00000, 0x0000000100000000)
  region size 1024K, 44 young (45056K), 2 survivors (2048K)
 Metaspace       used 44690K, capacity 45180K, committed 45392K, reserved 1089536K
  class space    used 5310K, capacity 5508K, committed 5632K, reserved 1048576K
GC Heap History (10 events):
Event: 1.467 GC heap before
{Heap before GC invocations=0 (full 0):
 garbage-first heap   total 129024K, used 27648K [0x0000000082c00000, 0x0000000100000000)
  region size 1024K, 24 young (24576K), 0 survivors (0K)
 Metaspace       used 12380K, capacity 12504K, committed 12800K, reserved 1060864K
  class space    used 1167K, capacity 1207K, committed 1280K, reserved 1048576K
}
Event: 1.478 GC heap after
{Heap after GC invocations=1 (full 0):
 garbage-first heap   total 129024K, used 5861K [0x0000000082c00000, 0x0000000100000000)
  region size 1024K, 3 young (3072K), 3 survivors (3072K)
 Metaspace       used 12380K, capacity 12504K, committed 12800K, reserved 1060864K
  class space    used 1167K, capacity 1207K, committed 1280K, reserved 1048576K
}
Event: 3.165 GC heap before
{Heap before GC invocations=1 (full 0):
 garbage-first heap   total 129024K, used 40677K [0x0000000082c00000, 0x0000000100000000)
  region size 1024K, 38 young (38912K), 3 survivors (3072K)
 Metaspace       used 20925K, capacity 21086K, committed 21296K, reserved 1069056K
  class space    used 2220K, capacity 2312K, committed 2432K, reserved 1048576K
}
Event: 3.181 GC heap after
{Heap after GC invocations=2 (full 0):
 garbage-first heap   total 129024K, used 9210K [0x0000000082c00000, 0x0000000100000000)
  region size 1024K, 6 young (6144K), 6 survivors (6144K)
 Metaspace       used 20925K, capacity 21086K, committed 21296K, reserved 1069056K
  class space    used 2220K, capacity 2312K, committed 2432K, reserved 1048576K
}
Event: 6.037 GC heap before
{Heap before GC invocations=3 (full 0):
 garbage-first heap   total 129024K, used 60410K [0x0000000082c00000, 0x0000000100000000)
  region size 1024K, 51 young (52224K), 6 survivors (6144K)
 Metaspace       used 31902K, capacity 32279K, committed 32560K, reserved 1077248K
  class space    used 4001K, capacity 4181K, committed 4224K, reserved 1048576K
}
Event: 6.076 GC heap after
{Heap after GC invocations=4 (full 0):
 garbage-first heap   total 129024K, used 25339K [0x0000000082c00000, 0x0000000100000000)
  region size 1024K, 7 young (7168K), 7 survivors (7168K)
 Metaspace       used 31902K, capacity 32279K, committed 32560K, reserved 1077248K
  class space    used 4001K, capacity 4181K, committed 4224K, reserved 1048576K
}
Event: 6.342 GC heap before
{Heap before GC invocations=4 (full 0):
 garbage-first heap   total 129024K, used 30459K [0x0000000082c00000, 0x0000000100000000)
  region size 1024K, 12 young (12288K), 7 survivors (7168K)
 Metaspace       used 33168K, capacity 33593K, committed 33712K, reserved 1079296K
  class space    used 4153K, capacity 4342K, committed 4352K, reserved 1048576K
}
Event: 6.357 GC heap after
{Heap after GC invocations=5 (full 0):
 garbage-first heap   total 129024K, used 26624K [0x0000000082c00000, 0x0000000100000000)
  region size 1024K, 1 young (1024K), 1 survivors (1024K)
 Metaspace       used 33168K, capacity 33593K, committed 33712K, reserved 1079296K
  class space    used 4153K, capacity 4342K, committed 4352K, reserved 1048576K
}
Event: 6.770 GC heap before
{Heap before GC invocations=5 (full 0):
 garbage-first heap   total 129024K, used 36864K [0x0000000082c00000, 0x0000000100000000)
  region size 1024K, 12 young (12288K), 1 survivors (1024K)
 Metaspace       used 35477K, capacity 35844K, committed 35920K, reserved 1081344K
  class space    used 4403K, capacity 4602K, committed 4608K, reserved 1048576K
}
Event: 6.775 GC heap after
{Heap after GC invocations=6 (full 0):
 garbage-first heap   total 155648K, used 25226K [0x0000000082c00000, 0x0000000100000000)
  region size 1024K, 2 young (2048K), 2 survivors (2048K)
 Metaspace       used 35477K, capacity 35844K, committed 35920K, reserved 1081344K
  class space    used 4403K, capacity 4602K, committed 4608K, reserved 1048576K
}

